True
12102
True
12102
True
12102
ACC        ACC        ACC        
0.000000   0.000000   0.000000  
HR@5       HR@10      HR@20      HR@50     
0.000447   0.000447   0.001342   0.003131  
NDCG@5     NDCG@10    NDCG@20    NDCG@50   
0.000193   0.000193   0.000400   0.000755  
MRR@5      MRR@10     MRR@20     MRR@50    
0.000112   0.000112   0.000159   0.000216  
ACC        ACC        ACC        
0.000000   0.000000   0.000000  
HR@5       HR@10      HR@20      HR@50     
0.000447   0.000447   0.001342   0.003131  
NDCG@5     NDCG@10    NDCG@20    NDCG@50   
0.000193   0.000193   0.000400   0.000755  
MRR@5      MRR@10     MRR@20     MRR@50    
0.000112   0.000112   0.000159   0.000216  
ACC        ACC        ACC        
0.000000   0.000000   0.000000  
HR@5       HR@10      HR@20      HR@50     
0.000447   0.000447   0.001342   0.003131  
NDCG@5     NDCG@10    NDCG@20    NDCG@50   
0.000193   0.000193   0.000400   0.000755  
MRR@5      MRR@10     MRR@20     MRR@50    
0.000112   0.000112   0.000159   0.000216  
ACC        ACC        ACC        
0.000000   0.000000   0.000000  
HR@5       HR@10      HR@20      HR@50     
0.004472   0.010286   0.015653   0.030859  
NDCG@5     NDCG@10    NDCG@20    NDCG@50   
0.002151   0.004099   0.005422   0.008421  
MRR@5      MRR@10     MRR@20     MRR@50    
0.001394   0.002237   0.002582   0.003056  
p2
ACC        ACC        ACC        
0.000000   0.000000   0.000000  
HR@5       HR@10      HR@20      HR@50     
0.003578   0.006261   0.013417   0.025045  
NDCG@5     NDCG@10    NDCG@20    NDCG@50   
0.001735   0.002631   0.004425   0.006701  
MRR@5      MRR@10     MRR@20     MRR@50    
0.001133   0.001520   0.002003   0.002355  
p5
ACC        ACC        ACC        
0.000000   0.000000   0.000000  
HR@5       HR@10      HR@20      HR@50     
0.003578   0.005814   0.012075   0.026386  
NDCG@5     NDCG@10    NDCG@20    NDCG@50   
0.001989   0.002682   0.004216   0.006974  
MRR@5      MRR@10     MRR@20     MRR@50    
0.001453   0.001723   0.002120   0.002529  
p10
ACC        ACC        ACC        
0.000000   0.000000   0.000000  
HR@5       HR@10      HR@20      HR@50     
0.003578   0.004919   0.009392   0.022809  
NDCG@5     NDCG@10    NDCG@20    NDCG@50   
0.001793   0.002243   0.003347   0.006028  
MRR@5      MRR@10     MRR@20     MRR@50    
0.001208   0.001402   0.001691   0.002131  
test phase:
base
ACC        ACC        ACC        
0.000000   0.000000   0.000000  
HR@5       HR@10      HR@20      HR@50     
0.002682   0.005364   0.009835   0.023692  
NDCG@5     NDCG@10    NDCG@20    NDCG@50   
0.001326   0.002184   0.003303   0.006003  
MRR@5      MRR@10     MRR@20     MRR@50    
0.000887   0.001234   0.001535   0.001947  
p2
ACC        ACC        ACC        
0.000000   0.000000   0.000000  
HR@5       HR@10      HR@20      HR@50     
0.001788   0.003576   0.005364   0.014305  
NDCG@5     NDCG@10    NDCG@20    NDCG@50   
0.000961   0.001579   0.002017   0.003773  
MRR@5      MRR@10     MRR@20     MRR@50    
0.000685   0.000965   0.001077   0.001353  
p5
ACC        ACC        ACC        
0.000000   0.000000   0.000000  
HR@5       HR@10      HR@20      HR@50     
0.001341   0.002235   0.008494   0.014305  
NDCG@5     NDCG@10    NDCG@20    NDCG@50   
0.000737   0.001045   0.002610   0.003739  
MRR@5      MRR@10     MRR@20     MRR@50    
0.000536   0.000675   0.001094   0.001265  
p10
ACC        ACC        ACC        
0.000000   0.000000   0.000000  
HR@5       HR@10      HR@20      HR@50     
0.001341   0.002682   0.006258   0.012517  
NDCG@5     NDCG@10    NDCG@20    NDCG@50   
0.000737   0.001142   0.002031   0.003241  
MRR@5      MRR@10     MRR@20     MRR@50    
0.000536   0.000687   0.000922   0.001104  
ACC        ACC        ACC        
0.000000   0.000000   0.000000  
HR@5       HR@10      HR@20      HR@50     
0.004472   0.010286   0.015653   0.030859  
NDCG@5     NDCG@10    NDCG@20    NDCG@50   
0.002151   0.004099   0.005422   0.008418  
MRR@5      MRR@10     MRR@20     MRR@50    
0.001394   0.002237   0.002582   0.003054  
p2
ACC        ACC        ACC        
0.000000   0.000000   0.000000  
HR@5       HR@10      HR@20      HR@50     
0.003578   0.006261   0.012970   0.024597  
NDCG@5     NDCG@10    NDCG@20    NDCG@50   
0.001735   0.002631   0.004324   0.006610  
MRR@5      MRR@10     MRR@20     MRR@50    
0.001133   0.001520   0.001982   0.002340  
p5
ACC        ACC        ACC        
0.000000   0.000000   0.000000  
HR@5       HR@10      HR@20      HR@50     
0.003578   0.005814   0.012075   0.026386  
NDCG@5     NDCG@10    NDCG@20    NDCG@50   
0.001989   0.002682   0.004215   0.006972  
MRR@5      MRR@10     MRR@20     MRR@50    
0.001453   0.001723   0.002119   0.002527  
p10
ACC        ACC        ACC        
0.000000   0.000000   0.000000  
HR@5       HR@10      HR@20      HR@50     
0.003578   0.004919   0.009392   0.022809  
NDCG@5     NDCG@10    NDCG@20    NDCG@50   
0.001793   0.002243   0.003349   0.006030  
MRR@5      MRR@10     MRR@20     MRR@50    
0.001208   0.001402   0.001693   0.002132  
test phase:
base
ACC        ACC        ACC        
0.000000   0.000000   0.000000  
HR@5       HR@10      HR@20      HR@50     
0.003129   0.005811   0.009835   0.023245  
NDCG@5     NDCG@10    NDCG@20    NDCG@50   
0.001499   0.002357   0.003367   0.006013  
MRR@5      MRR@10     MRR@20     MRR@50    
0.000976   0.001324   0.001596   0.002013  
p2
ACC        ACC        ACC        
0.000000   0.000000   0.000000  
HR@5       HR@10      HR@20      HR@50     
0.001788   0.004023   0.005811   0.014305  
NDCG@5     NDCG@10    NDCG@20    NDCG@50   
0.000961   0.001708   0.002146   0.003820  
MRR@5      MRR@10     MRR@20     MRR@50    
0.000685   0.001010   0.001122   0.001387  
p5
ACC        ACC        ACC        
0.000000   0.000000   0.000000  
HR@5       HR@10      HR@20      HR@50     
0.001341   0.002235   0.008494   0.014305  
NDCG@5     NDCG@10    NDCG@20    NDCG@50   
0.000737   0.001045   0.002610   0.003739  
MRR@5      MRR@10     MRR@20     MRR@50    
0.000536   0.000675   0.001094   0.001265  
p10
ACC        ACC        ACC        
0.000000   0.000000   0.000000  
HR@5       HR@10      HR@20      HR@50     
0.001341   0.002682   0.006258   0.012517  
NDCG@5     NDCG@10    NDCG@20    NDCG@50   
0.000737   0.001148   0.002037   0.003248  
MRR@5      MRR@10     MRR@20     MRR@50    
0.000536   0.000693   0.000929   0.001110  
ACC        ACC        ACC        
0.000000   0.000000   0.000000  
HR@5       HR@10      HR@20      HR@50     
0.004472   0.010286   0.015653   0.030859  
NDCG@5     NDCG@10    NDCG@20    NDCG@50   
0.002151   0.004099   0.005422   0.008418  
MRR@5      MRR@10     MRR@20     MRR@50    
0.001394   0.002237   0.002582   0.003054  
p2
ACC        ACC        ACC        
0.000000   0.000000   0.000000  
HR@5       HR@10      HR@20      HR@50     
0.003578   0.006261   0.012970   0.024597  
NDCG@5     NDCG@10    NDCG@20    NDCG@50   
0.001735   0.002631   0.004324   0.006610  
MRR@5      MRR@10     MRR@20     MRR@50    
0.001133   0.001520   0.001982   0.002340  
p5
ACC        ACC        ACC        
0.000000   0.000000   0.000000  
HR@5       HR@10      HR@20      HR@50     
0.003578   0.005814   0.012075   0.026386  
NDCG@5     NDCG@10    NDCG@20    NDCG@50   
0.001989   0.002682   0.004215   0.006972  
MRR@5      MRR@10     MRR@20     MRR@50    
0.001453   0.001723   0.002119   0.002527  
p10
ACC        ACC        ACC        
0.000000   0.000000   0.000000  
HR@5       HR@10      HR@20      HR@50     
0.003578   0.004919   0.009392   0.022809  
NDCG@5     NDCG@10    NDCG@20    NDCG@50   
0.001793   0.002243   0.003349   0.006030  
MRR@5      MRR@10     MRR@20     MRR@50    
0.001208   0.001402   0.001693   0.002132  
test phase:
base
ACC        ACC        ACC        
0.000000   0.000000   0.000000  
HR@5       HR@10      HR@20      HR@50     
0.003129   0.005811   0.009835   0.023245  
NDCG@5     NDCG@10    NDCG@20    NDCG@50   
0.001499   0.002357   0.003367   0.006013  
MRR@5      MRR@10     MRR@20     MRR@50    
0.000976   0.001324   0.001596   0.002013  
p2
ACC        ACC        ACC        
0.000000   0.000000   0.000000  
HR@5       HR@10      HR@20      HR@50     
0.001788   0.004023   0.005811   0.014305  
NDCG@5     NDCG@10    NDCG@20    NDCG@50   
0.000961   0.001708   0.002146   0.003820  
MRR@5      MRR@10     MRR@20     MRR@50    
0.000685   0.001010   0.001122   0.001387  
p5
ACC        ACC        ACC        
0.000000   0.000000   0.000000  
HR@5       HR@10      HR@20      HR@50     
0.001341   0.002235   0.008494   0.014305  
NDCG@5     NDCG@10    NDCG@20    NDCG@50   
0.000737   0.001045   0.002610   0.003739  
MRR@5      MRR@10     MRR@20     MRR@50    
0.000536   0.000675   0.001094   0.001265  
p10
ACC        ACC        ACC        
0.000000   0.000000   0.000000  
HR@5       HR@10      HR@20      HR@50     
0.001341   0.002682   0.006258   0.012517  
NDCG@5     NDCG@10    NDCG@20    NDCG@50   
0.000737   0.001148   0.002037   0.003248  
MRR@5      MRR@10     MRR@20     MRR@50    
0.000536   0.000693   0.000929   0.001110  
{
  "first_divergence": {
    "arm": "final_v2_closed_gate_full",
    "category": "optimizer",
    "comparison_rule": "fp32_tolerance",
    "key": "core_proposal_logits.state.exp_avg",
    "max_abs_diff": 0.011209116317331791,
    "observed_sha256": "ae489acec9ce69e6eb734f72f9bad2bc442da6fe1e2b4f6e573a018ad3effd07",
    "reference_arm": "host",
    "reference_sha256": "6bb9989ba82077613ab6dd45cd94c4b4358a58c7ee3250ee5414b7c5f3d3e88c",
    "status": "fail",
    "step": 1
  },
  "output_path": "/data/Zijian/goal/RecDemoRuns/aaai27_e01_gzero_trace_20260711_r8_ea5cdca/e01_gzero_trace.json",
  "pass_marker": null,
  "status": "fail"
}
