True
12102
True
12102
True
12102
ACC        ACC        ACC        
0.000000   0.000000   0.000000  
HR@5       HR@10      HR@20      HR@50     
0.000447   0.000447   0.001342   0.003578  
NDCG@5     NDCG@10    NDCG@20    NDCG@50   
0.000193   0.000193   0.000400   0.000830  
MRR@5      MRR@10     MRR@20     MRR@50    
0.000112   0.000112   0.000159   0.000223  
ACC        ACC        ACC        
0.000000   0.000000   0.000000  
HR@5       HR@10      HR@20      HR@50     
0.000447   0.000447   0.001342   0.003578  
NDCG@5     NDCG@10    NDCG@20    NDCG@50   
0.000193   0.000193   0.000400   0.000830  
MRR@5      MRR@10     MRR@20     MRR@50    
0.000112   0.000112   0.000159   0.000223  
ACC        ACC        ACC        
0.000000   0.000000   0.000000  
HR@5       HR@10      HR@20      HR@50     
0.000447   0.000447   0.001342   0.003578  
NDCG@5     NDCG@10    NDCG@20    NDCG@50   
0.000193   0.000193   0.000400   0.000830  
MRR@5      MRR@10     MRR@20     MRR@50    
0.000112   0.000112   0.000159   0.000223  
ACC        ACC        ACC        
0.000000   0.000000   0.000000  
HR@5       HR@10      HR@20      HR@50     
0.005814   0.012970   0.021467   0.035778  
NDCG@5     NDCG@10    NDCG@20    NDCG@50   
0.002904   0.005210   0.007359   0.010141  
MRR@5      MRR@10     MRR@20     MRR@50    
0.001960   0.002909   0.003499   0.003923  
p2
ACC        ACC        ACC        
0.000000   0.000000   0.000000  
HR@5       HR@10      HR@20      HR@50     
0.004472   0.008945   0.015653   0.029517  
NDCG@5     NDCG@10    NDCG@20    NDCG@50   
0.002475   0.003978   0.005659   0.008381  
MRR@5      MRR@10     MRR@20     MRR@50    
0.001804   0.002457   0.002911   0.003336  
p5
ACC        ACC        ACC        
0.000000   0.000000   0.000000  
HR@5       HR@10      HR@20      HR@50     
0.004025   0.006261   0.012970   0.022361  
NDCG@5     NDCG@10    NDCG@20    NDCG@50   
0.001947   0.002666   0.004273   0.006108  
MRR@5      MRR@10     MRR@20     MRR@50    
0.001275   0.001568   0.001964   0.002247  
p10
ACC        ACC        ACC        
0.000447   0.000447   0.000447  
HR@5       HR@10      HR@20      HR@50     
0.003578   0.005814   0.010286   0.023256  
NDCG@5     NDCG@10    NDCG@20    NDCG@50   
0.001947   0.002666   0.003749   0.006270  
MRR@5      MRR@10     MRR@20     MRR@50    
0.001424   0.001717   0.001990   0.002375  
test phase:
base
ACC        ACC        ACC        
0.000000   0.000000   0.000000  
HR@5       HR@10      HR@20      HR@50     
0.001788   0.005364   0.009388   0.018775  
NDCG@5     NDCG@10    NDCG@20    NDCG@50   
0.000891   0.002051   0.003077   0.004908  
MRR@5      MRR@10     MRR@20     MRR@50    
0.000596   0.001078   0.001363   0.001643  
p2
ACC        ACC        ACC        
0.000000   0.000000   0.000000  
HR@5       HR@10      HR@20      HR@50     
0.000894   0.003576   0.008941   0.020563  
NDCG@5     NDCG@10    NDCG@20    NDCG@50   
0.000455   0.001304   0.002631   0.004925  
MRR@5      MRR@10     MRR@20     MRR@50    
0.000313   0.000652   0.001002   0.001364  
p5
ACC        ACC        ACC        
0.000000   0.000000   0.000000  
HR@5       HR@10      HR@20      HR@50     
0.000894   0.002235   0.005811   0.016093  
NDCG@5     NDCG@10    NDCG@20    NDCG@50   
0.000564   0.000969   0.001880   0.003907  
MRR@5      MRR@10     MRR@20     MRR@50    
0.000447   0.000597   0.000851   0.001171  
p10
ACC        ACC        ACC        
0.000000   0.000000   0.000000  
HR@5       HR@10      HR@20      HR@50     
0.000894   0.002235   0.005364   0.012964  
NDCG@5     NDCG@10    NDCG@20    NDCG@50   
0.000564   0.001007   0.001818   0.003306  
MRR@5      MRR@10     MRR@20     MRR@50    
0.000447   0.000635   0.000868   0.001098  
ACC        ACC        ACC        
0.000000   0.000000   0.000000  
HR@5       HR@10      HR@20      HR@50     
0.005814   0.011628   0.019678   0.030859  
NDCG@5     NDCG@10    NDCG@20    NDCG@50   
0.003064   0.004939   0.006939   0.009139  
MRR@5      MRR@10     MRR@20     MRR@50    
0.002154   0.002924   0.003456   0.003801  
p2
ACC        ACC        ACC        
0.000000   0.000000   0.000000  
HR@5       HR@10      HR@20      HR@50     
0.004472   0.009839   0.016547   0.030859  
NDCG@5     NDCG@10    NDCG@20    NDCG@50   
0.002338   0.004060   0.005760   0.008506  
MRR@5      MRR@10     MRR@20     MRR@50    
0.001632   0.002335   0.002803   0.003207  
p5
ACC        ACC        ACC        
0.000000   0.000000   0.000000  
HR@5       HR@10      HR@20      HR@50     
0.003131   0.006708   0.011628   0.027281  
NDCG@5     NDCG@10    NDCG@20    NDCG@50   
0.001718   0.002836   0.004067   0.007169  
MRR@5      MRR@10     MRR@20     MRR@50    
0.001245   0.001684   0.002015   0.002512  
p10
ACC        ACC        ACC        
0.000000   0.000000   0.000000  
HR@5       HR@10      HR@20      HR@50     
0.002683   0.004919   0.009839   0.022809  
NDCG@5     NDCG@10    NDCG@20    NDCG@50   
0.001338   0.002071   0.003281   0.005863  
MRR@5      MRR@10     MRR@20     MRR@50    
0.000894   0.001202   0.001517   0.001935  
test phase:
base
ACC        ACC        ACC        
0.000000   0.000000   0.000000  
HR@5       HR@10      HR@20      HR@50     
0.001341   0.003129   0.009388   0.020563  
NDCG@5     NDCG@10    NDCG@20    NDCG@50   
0.000729   0.001323   0.002904   0.005092  
MRR@5      MRR@10     MRR@20     MRR@50    
0.000522   0.000776   0.001208   0.001547  
p2
ACC        ACC        ACC        
0.000000   0.000000   0.000000  
HR@5       HR@10      HR@20      HR@50     
0.000447   0.003129   0.008494   0.019669  
NDCG@5     NDCG@10    NDCG@20    NDCG@50   
0.000193   0.001085   0.002431   0.004648  
MRR@5      MRR@10     MRR@20     MRR@50    
0.000112   0.000494   0.000858   0.001214  
p5
ACC        ACC        ACC        
0.000000   0.000000   0.000000  
HR@5       HR@10      HR@20      HR@50     
0.002235   0.004023   0.006705   0.016987  
NDCG@5     NDCG@10    NDCG@20    NDCG@50   
0.001122   0.001694   0.002372   0.004411  
MRR@5      MRR@10     MRR@20     MRR@50    
0.000760   0.000993   0.001178   0.001505  
p10
ACC        ACC        ACC        
0.000000   0.000000   0.000000  
HR@5       HR@10      HR@20      HR@50     
0.000894   0.002235   0.005811   0.015646  
NDCG@5     NDCG@10    NDCG@20    NDCG@50   
0.000475   0.000882   0.001795   0.003721  
MRR@5      MRR@10     MRR@20     MRR@50    
0.000335   0.000489   0.000743   0.001041  
ACC        ACC        ACC        
0.000000   0.000000   0.000000  
HR@5       HR@10      HR@20      HR@50     
0.005814   0.011628   0.019678   0.030859  
NDCG@5     NDCG@10    NDCG@20    NDCG@50   
0.003064   0.004939   0.006939   0.009139  
MRR@5      MRR@10     MRR@20     MRR@50    
0.002154   0.002924   0.003456   0.003801  
p2
ACC        ACC        ACC        
0.000000   0.000000   0.000000  
HR@5       HR@10      HR@20      HR@50     
0.004472   0.009839   0.016547   0.030859  
NDCG@5     NDCG@10    NDCG@20    NDCG@50   
0.002338   0.004060   0.005760   0.008506  
MRR@5      MRR@10     MRR@20     MRR@50    
0.001632   0.002335   0.002803   0.003207  
p5
ACC        ACC        ACC        
0.000000   0.000000   0.000000  
HR@5       HR@10      HR@20      HR@50     
0.003131   0.006708   0.011628   0.027281  
NDCG@5     NDCG@10    NDCG@20    NDCG@50   
0.001718   0.002836   0.004067   0.007169  
MRR@5      MRR@10     MRR@20     MRR@50    
0.001245   0.001684   0.002015   0.002512  
p10
ACC        ACC        ACC        
0.000000   0.000000   0.000000  
HR@5       HR@10      HR@20      HR@50     
0.002683   0.004919   0.009839   0.022809  
NDCG@5     NDCG@10    NDCG@20    NDCG@50   
0.001338   0.002071   0.003281   0.005863  
MRR@5      MRR@10     MRR@20     MRR@50    
0.000894   0.001202   0.001517   0.001935  
test phase:
base
ACC        ACC        ACC        
0.000000   0.000000   0.000000  
HR@5       HR@10      HR@20      HR@50     
0.001341   0.003129   0.009388   0.020563  
NDCG@5     NDCG@10    NDCG@20    NDCG@50   
0.000729   0.001323   0.002904   0.005092  
MRR@5      MRR@10     MRR@20     MRR@50    
0.000522   0.000776   0.001208   0.001547  
p2
ACC        ACC        ACC        
0.000000   0.000000   0.000000  
HR@5       HR@10      HR@20      HR@50     
0.000447   0.003129   0.008494   0.019669  
NDCG@5     NDCG@10    NDCG@20    NDCG@50   
0.000193   0.001085   0.002431   0.004648  
MRR@5      MRR@10     MRR@20     MRR@50    
0.000112   0.000494   0.000858   0.001214  
p5
ACC        ACC        ACC        
0.000000   0.000000   0.000000  
HR@5       HR@10      HR@20      HR@50     
0.002235   0.004023   0.006705   0.016987  
NDCG@5     NDCG@10    NDCG@20    NDCG@50   
0.001122   0.001694   0.002372   0.004411  
MRR@5      MRR@10     MRR@20     MRR@50    
0.000760   0.000993   0.001178   0.001505  
p10
ACC        ACC        ACC        
0.000000   0.000000   0.000000  
HR@5       HR@10      HR@20      HR@50     
0.000894   0.002235   0.005811   0.015646  
NDCG@5     NDCG@10    NDCG@20    NDCG@50   
0.000475   0.000882   0.001795   0.003721  
MRR@5      MRR@10     MRR@20     MRR@50    
0.000335   0.000489   0.000743   0.001041  
{
  "first_divergence": {
    "arm": "final_v2_closed_gate_full",
    "category": "rng",
    "comparison_rule": "exact_value",
    "key": "combined_sha256",
    "max_abs_diff": null,
    "observed_sha256": "8de0a135bfe3bde1ea50ec8295b01ace5332e0bdaf2e815d358e18cf86f80ceb",
    "reference_arm": "host",
    "reference_sha256": "081a935abc0c8aaa8515886b0429071afc7590b15ebad504506544881ca28e11",
    "status": "fail",
    "step": 0
  },
  "output_path": "/data/Zijian/goal/RecDemoRuns/aaai27_e01_gzero_trace_20260711_r1_5268a8c/e01_gzero_trace.json",
  "pass_marker": null,
  "status": "fail"
}
