True
12102
True
12102
True
12102
ACC        ACC        ACC        
0.000000   0.000000   0.000000  
HR@5       HR@10      HR@20      HR@50     
0.000447   0.000447   0.001342   0.003578  
NDCG@5     NDCG@10    NDCG@20    NDCG@50   
0.000193   0.000193   0.000400   0.000830  
MRR@5      MRR@10     MRR@20     MRR@50    
0.000112   0.000112   0.000159   0.000223  
ACC        ACC        ACC        
0.000000   0.000000   0.000000  
HR@5       HR@10      HR@20      HR@50     
0.000447   0.000447   0.001342   0.003578  
NDCG@5     NDCG@10    NDCG@20    NDCG@50   
0.000193   0.000193   0.000400   0.000830  
MRR@5      MRR@10     MRR@20     MRR@50    
0.000112   0.000112   0.000159   0.000223  
ACC        ACC        ACC        
0.000000   0.000000   0.000000  
HR@5       HR@10      HR@20      HR@50     
0.000447   0.000447   0.001342   0.003578  
NDCG@5     NDCG@10    NDCG@20    NDCG@50   
0.000193   0.000193   0.000400   0.000830  
MRR@5      MRR@10     MRR@20     MRR@50    
0.000112   0.000112   0.000159   0.000223  
ACC        ACC        ACC        
0.000000   0.000000   0.000000  
HR@5       HR@10      HR@20      HR@50     
0.004472   0.011181   0.017889   0.034884  
NDCG@5     NDCG@10    NDCG@20    NDCG@50   
0.002128   0.004350   0.006019   0.009338  
MRR@5      MRR@10     MRR@20     MRR@50    
0.001379   0.002327   0.002769   0.003280  
p2
ACC        ACC        ACC        
0.000000   0.000000   0.000000  
HR@5       HR@10      HR@20      HR@50     
0.004025   0.008945   0.016547   0.029964  
NDCG@5     NDCG@10    NDCG@20    NDCG@50   
0.002193   0.003810   0.005707   0.008369  
MRR@5      MRR@10     MRR@20     MRR@50    
0.001580   0.002264   0.002772   0.003199  
p5
ACC        ACC        ACC        
0.000000   0.000000   0.000000  
HR@5       HR@10      HR@20      HR@50     
0.002683   0.006261   0.013417   0.022809  
NDCG@5     NDCG@10    NDCG@20    NDCG@50   
0.001358   0.002508   0.004258   0.006085  
MRR@5      MRR@10     MRR@20     MRR@50    
0.000924   0.001395   0.001845   0.002123  
p10
ACC        ACC        ACC        
0.000000   0.000000   0.000000  
HR@5       HR@10      HR@20      HR@50     
0.003131   0.004919   0.010286   0.022809  
NDCG@5     NDCG@10    NDCG@20    NDCG@50   
0.001500   0.002084   0.003390   0.005831  
MRR@5      MRR@10     MRR@20     MRR@50    
0.000976   0.001220   0.001553   0.001928  
test phase:
base
ACC        ACC        ACC        
0.000000   0.000000   0.000000  
HR@5       HR@10      HR@20      HR@50     
0.002682   0.006258   0.012964   0.021010  
NDCG@5     NDCG@10    NDCG@20    NDCG@50   
0.001229   0.002359   0.004054   0.005660  
MRR@5      MRR@10     MRR@20     MRR@50    
0.000760   0.001212   0.001677   0.001937  
p2
ACC        ACC        ACC        
0.000000   0.000000   0.000000  
HR@5       HR@10      HR@20      HR@50     
0.001788   0.004917   0.008494   0.020116  
NDCG@5     NDCG@10    NDCG@20    NDCG@50   
0.000930   0.001945   0.002847   0.005149  
MRR@5      MRR@10     MRR@20     MRR@50    
0.000648   0.001070   0.001317   0.001685  
p5
ACC        ACC        ACC        
0.000000   0.000000   0.000000  
HR@5       HR@10      HR@20      HR@50     
0.000894   0.001788   0.005811   0.016540  
NDCG@5     NDCG@10    NDCG@20    NDCG@50   
0.000564   0.000848   0.001889   0.004012  
MRR@5      MRR@10     MRR@20     MRR@50    
0.000447   0.000561   0.000860   0.001198  
p10
ACC        ACC        ACC        
0.000000   0.000000   0.000000  
HR@5       HR@10      HR@20      HR@50     
0.000894   0.002235   0.005364   0.012517  
NDCG@5     NDCG@10    NDCG@20    NDCG@50   
0.000564   0.001007   0.001818   0.003235  
MRR@5      MRR@10     MRR@20     MRR@50    
0.000447   0.000635   0.000868   0.001094  
ACC        ACC        ACC        
0.000000   0.000000   0.000000  
HR@5       HR@10      HR@20      HR@50     
0.005814   0.011628   0.019678   0.030859  
NDCG@5     NDCG@10    NDCG@20    NDCG@50   
0.003064   0.004939   0.006939   0.009139  
MRR@5      MRR@10     MRR@20     MRR@50    
0.002154   0.002924   0.003456   0.003801  
p2
ACC        ACC        ACC        
0.000000   0.000000   0.000000  
HR@5       HR@10      HR@20      HR@50     
0.004472   0.009839   0.016547   0.030859  
NDCG@5     NDCG@10    NDCG@20    NDCG@50   
0.002338   0.004060   0.005760   0.008517  
MRR@5      MRR@10     MRR@20     MRR@50    
0.001632   0.002335   0.002803   0.003214  
p5
ACC        ACC        ACC        
0.000000   0.000000   0.000000  
HR@5       HR@10      HR@20      HR@50     
0.003131   0.006708   0.011628   0.027281  
NDCG@5     NDCG@10    NDCG@20    NDCG@50   
0.001718   0.002836   0.004067   0.007166  
MRR@5      MRR@10     MRR@20     MRR@50    
0.001245   0.001684   0.002015   0.002510  
p10
ACC        ACC        ACC        
0.000000   0.000000   0.000000  
HR@5       HR@10      HR@20      HR@50     
0.002683   0.004919   0.009839   0.022809  
NDCG@5     NDCG@10    NDCG@20    NDCG@50   
0.001338   0.002071   0.003281   0.005862  
MRR@5      MRR@10     MRR@20     MRR@50    
0.000894   0.001202   0.001517   0.001935  
test phase:
base
ACC        ACC        ACC        
0.000000   0.000000   0.000000  
HR@5       HR@10      HR@20      HR@50     
0.001341   0.002682   0.009835   0.020563  
NDCG@5     NDCG@10    NDCG@20    NDCG@50   
0.000729   0.001182   0.002982   0.005059  
MRR@5      MRR@10     MRR@20     MRR@50    
0.000522   0.000720   0.001209   0.001521  
p2
ACC        ACC        ACC        
0.000000   0.000000   0.000000  
HR@5       HR@10      HR@20      HR@50     
0.000447   0.003129   0.008494   0.019669  
NDCG@5     NDCG@10    NDCG@20    NDCG@50   
0.000193   0.001085   0.002435   0.004651  
MRR@5      MRR@10     MRR@20     MRR@50    
0.000112   0.000494   0.000861   0.001217  
p5
ACC        ACC        ACC        
0.000000   0.000000   0.000000  
HR@5       HR@10      HR@20      HR@50     
0.002235   0.004023   0.006705   0.016987  
NDCG@5     NDCG@10    NDCG@20    NDCG@50   
0.001122   0.001694   0.002373   0.004412  
MRR@5      MRR@10     MRR@20     MRR@50    
0.000760   0.000993   0.001180   0.001507  
p10
ACC        ACC        ACC        
0.000000   0.000000   0.000000  
HR@5       HR@10      HR@20      HR@50     
0.000894   0.002235   0.005811   0.015646  
NDCG@5     NDCG@10    NDCG@20    NDCG@50   
0.000475   0.000882   0.001795   0.003721  
MRR@5      MRR@10     MRR@20     MRR@50    
0.000335   0.000489   0.000743   0.001041  
ACC        ACC        ACC        
0.000000   0.000000   0.000000  
HR@5       HR@10      HR@20      HR@50     
0.005814   0.011628   0.019678   0.030859  
NDCG@5     NDCG@10    NDCG@20    NDCG@50   
0.003064   0.004939   0.006939   0.009139  
MRR@5      MRR@10     MRR@20     MRR@50    
0.002154   0.002924   0.003456   0.003801  
p2
ACC        ACC        ACC        
0.000000   0.000000   0.000000  
HR@5       HR@10      HR@20      HR@50     
0.004472   0.009839   0.016547   0.030859  
NDCG@5     NDCG@10    NDCG@20    NDCG@50   
0.002338   0.004060   0.005760   0.008517  
MRR@5      MRR@10     MRR@20     MRR@50    
0.001632   0.002335   0.002803   0.003214  
p5
ACC        ACC        ACC        
0.000000   0.000000   0.000000  
HR@5       HR@10      HR@20      HR@50     
0.003131   0.006708   0.011628   0.027281  
NDCG@5     NDCG@10    NDCG@20    NDCG@50   
0.001718   0.002836   0.004067   0.007166  
MRR@5      MRR@10     MRR@20     MRR@50    
0.001245   0.001684   0.002015   0.002510  
p10
ACC        ACC        ACC        
0.000000   0.000000   0.000000  
HR@5       HR@10      HR@20      HR@50     
0.002683   0.004919   0.009839   0.022809  
NDCG@5     NDCG@10    NDCG@20    NDCG@50   
0.001338   0.002071   0.003281   0.005862  
MRR@5      MRR@10     MRR@20     MRR@50    
0.000894   0.001202   0.001517   0.001935  
test phase:
base
ACC        ACC        ACC        
0.000000   0.000000   0.000000  
HR@5       HR@10      HR@20      HR@50     
0.001341   0.002682   0.009835   0.020563  
NDCG@5     NDCG@10    NDCG@20    NDCG@50   
0.000729   0.001182   0.002982   0.005059  
MRR@5      MRR@10     MRR@20     MRR@50    
0.000522   0.000720   0.001209   0.001521  
p2
ACC        ACC        ACC        
0.000000   0.000000   0.000000  
HR@5       HR@10      HR@20      HR@50     
0.000447   0.003129   0.008494   0.019669  
NDCG@5     NDCG@10    NDCG@20    NDCG@50   
0.000193   0.001085   0.002435   0.004651  
MRR@5      MRR@10     MRR@20     MRR@50    
0.000112   0.000494   0.000861   0.001217  
p5
ACC        ACC        ACC        
0.000000   0.000000   0.000000  
HR@5       HR@10      HR@20      HR@50     
0.002235   0.004023   0.006705   0.016987  
NDCG@5     NDCG@10    NDCG@20    NDCG@50   
0.001122   0.001694   0.002373   0.004412  
MRR@5      MRR@10     MRR@20     MRR@50    
0.000760   0.000993   0.001180   0.001507  
p10
ACC        ACC        ACC        
0.000000   0.000000   0.000000  
HR@5       HR@10      HR@20      HR@50     
0.000894   0.002235   0.005811   0.015646  
NDCG@5     NDCG@10    NDCG@20    NDCG@50   
0.000475   0.000882   0.001795   0.003721  
MRR@5      MRR@10     MRR@20     MRR@50    
0.000335   0.000489   0.000743   0.001041  
{
  "first_divergence": {
    "arm": "final_v2_closed_gate_full",
    "category": "rng",
    "comparison_rule": "exact_value",
    "key": "combined_sha256",
    "max_abs_diff": null,
    "observed_sha256": "8de0a135bfe3bde1ea50ec8295b01ace5332e0bdaf2e815d358e18cf86f80ceb",
    "reference_arm": "host",
    "reference_sha256": "1c3b14ca8af2434cfa1abade23f81c5968cdc41507d59a34ae8ac47dab5b988a",
    "status": "fail",
    "step": 0
  },
  "output_path": "/data/Zijian/goal/RecDemoRuns/aaai27_e01_gzero_trace_20260711_r4_c84b79e/e01_gzero_trace.json",
  "pass_marker": null,
  "status": "fail"
}
