True
12102
True
12102
True
12102
ACC        ACC        ACC        
0.000000   0.000000   0.000000  
HR@5       HR@10      HR@20      HR@50     
0.000447   0.000447   0.001342   0.003578  
NDCG@5     NDCG@10    NDCG@20    NDCG@50   
0.000193   0.000193   0.000400   0.000830  
MRR@5      MRR@10     MRR@20     MRR@50    
0.000112   0.000112   0.000159   0.000223  
ACC        ACC        ACC        
0.000000   0.000000   0.000000  
HR@5       HR@10      HR@20      HR@50     
0.000447   0.000447   0.001342   0.003578  
NDCG@5     NDCG@10    NDCG@20    NDCG@50   
0.000193   0.000193   0.000400   0.000830  
MRR@5      MRR@10     MRR@20     MRR@50    
0.000112   0.000112   0.000159   0.000223  
ACC        ACC        ACC        
0.000000   0.000000   0.000000  
HR@5       HR@10      HR@20      HR@50     
0.000447   0.000447   0.001342   0.003578  
NDCG@5     NDCG@10    NDCG@20    NDCG@50   
0.000193   0.000193   0.000400   0.000830  
MRR@5      MRR@10     MRR@20     MRR@50    
0.000112   0.000112   0.000159   0.000223  
ACC        ACC        ACC        
0.000000   0.000000   0.000000  
HR@5       HR@10      HR@20      HR@50     
0.007603   0.014758   0.022361   0.037567  
NDCG@5     NDCG@10    NDCG@20    NDCG@50   
0.003686   0.006022   0.007963   0.010897  
MRR@5      MRR@10     MRR@20     MRR@50    
0.002422   0.003401   0.003944   0.004381  
p2
ACC        ACC        ACC        
0.000000   0.000000   0.000000  
HR@5       HR@10      HR@20      HR@50     
0.004472   0.009839   0.016547   0.030411  
NDCG@5     NDCG@10    NDCG@20    NDCG@50   
0.002276   0.004039   0.005695   0.008436  
MRR@5      MRR@10     MRR@20     MRR@50    
0.001558   0.002301   0.002734   0.003169  
p5
ACC        ACC        ACC        
0.000000   0.000000   0.000000  
HR@5       HR@10      HR@20      HR@50     
0.002683   0.005814   0.012522   0.021914  
NDCG@5     NDCG@10    NDCG@20    NDCG@50   
0.001436   0.002451   0.004074   0.005925  
MRR@5      MRR@10     MRR@20     MRR@50    
0.001021   0.001442   0.001850   0.002142  
p10
ACC        ACC        ACC        
0.000000   0.000000   0.000000  
HR@5       HR@10      HR@20      HR@50     
0.003131   0.005367   0.010286   0.022361  
NDCG@5     NDCG@10    NDCG@20    NDCG@50   
0.001500   0.002226   0.003414   0.005761  
MRR@5      MRR@10     MRR@20     MRR@50    
0.000976   0.001278   0.001574   0.001932  
test phase:
base
ACC        ACC        ACC        
0.000000   0.000000   0.000000  
HR@5       HR@10      HR@20      HR@50     
0.001788   0.005364   0.009835   0.016987  
NDCG@5     NDCG@10    NDCG@20    NDCG@50   
0.000781   0.001942   0.003107   0.004507  
MRR@5      MRR@10     MRR@20     MRR@50    
0.000462   0.000944   0.001282   0.001498  
p2
ACC        ACC        ACC        
0.000000   0.000000   0.000000  
HR@5       HR@10      HR@20      HR@50     
0.001341   0.004917   0.008494   0.019222  
NDCG@5     NDCG@10    NDCG@20    NDCG@50   
0.000678   0.001805   0.002680   0.004781  
MRR@5      MRR@10     MRR@20     MRR@50    
0.000462   0.000910   0.001136   0.001461  
p5
ACC        ACC        ACC        
0.000000   0.000000   0.000000  
HR@5       HR@10      HR@20      HR@50     
0.000894   0.001788   0.005811   0.016093  
NDCG@5     NDCG@10    NDCG@20    NDCG@50   
0.000564   0.000834   0.001870   0.003899  
MRR@5      MRR@10     MRR@20     MRR@50    
0.000447   0.000548   0.000842   0.001163  
p10
ACC        ACC        ACC        
0.000000   0.000000   0.000000  
HR@5       HR@10      HR@20      HR@50     
0.000894   0.002235   0.005364   0.012964  
NDCG@5     NDCG@10    NDCG@20    NDCG@50   
0.000564   0.001007   0.001818   0.003307  
MRR@5      MRR@10     MRR@20     MRR@50    
0.000447   0.000635   0.000868   0.001099  
ACC        ACC        ACC        
0.000000   0.000000   0.000000  
HR@5       HR@10      HR@20      HR@50     
0.005814   0.011628   0.019678   0.030859  
NDCG@5     NDCG@10    NDCG@20    NDCG@50   
0.003064   0.004939   0.006939   0.009139  
MRR@5      MRR@10     MRR@20     MRR@50    
0.002154   0.002924   0.003456   0.003801  
p2
ACC        ACC        ACC        
0.000000   0.000000   0.000000  
HR@5       HR@10      HR@20      HR@50     
0.004472   0.009839   0.016547   0.030859  
NDCG@5     NDCG@10    NDCG@20    NDCG@50   
0.002338   0.004060   0.005760   0.008506  
MRR@5      MRR@10     MRR@20     MRR@50    
0.001632   0.002335   0.002803   0.003207  
p5
ACC        ACC        ACC        
0.000000   0.000000   0.000000  
HR@5       HR@10      HR@20      HR@50     
0.003131   0.006708   0.011628   0.027281  
NDCG@5     NDCG@10    NDCG@20    NDCG@50   
0.001718   0.002836   0.004067   0.007169  
MRR@5      MRR@10     MRR@20     MRR@50    
0.001245   0.001684   0.002015   0.002512  
p10
ACC        ACC        ACC        
0.000000   0.000000   0.000000  
HR@5       HR@10      HR@20      HR@50     
0.002683   0.004919   0.009839   0.022809  
NDCG@5     NDCG@10    NDCG@20    NDCG@50   
0.001338   0.002071   0.003281   0.005863  
MRR@5      MRR@10     MRR@20     MRR@50    
0.000894   0.001202   0.001517   0.001935  
test phase:
base
ACC        ACC        ACC        
0.000000   0.000000   0.000000  
HR@5       HR@10      HR@20      HR@50     
0.001341   0.003129   0.009388   0.020563  
NDCG@5     NDCG@10    NDCG@20    NDCG@50   
0.000729   0.001323   0.002904   0.005092  
MRR@5      MRR@10     MRR@20     MRR@50    
0.000522   0.000776   0.001208   0.001547  
p2
ACC        ACC        ACC        
0.000000   0.000000   0.000000  
HR@5       HR@10      HR@20      HR@50     
0.000447   0.003129   0.008494   0.019669  
NDCG@5     NDCG@10    NDCG@20    NDCG@50   
0.000193   0.001085   0.002431   0.004648  
MRR@5      MRR@10     MRR@20     MRR@50    
0.000112   0.000494   0.000858   0.001214  
p5
ACC        ACC        ACC        
0.000000   0.000000   0.000000  
HR@5       HR@10      HR@20      HR@50     
0.002235   0.004023   0.006705   0.016987  
NDCG@5     NDCG@10    NDCG@20    NDCG@50   
0.001122   0.001694   0.002372   0.004411  
MRR@5      MRR@10     MRR@20     MRR@50    
0.000760   0.000993   0.001178   0.001505  
p10
ACC        ACC        ACC        
0.000000   0.000000   0.000000  
HR@5       HR@10      HR@20      HR@50     
0.000894   0.002235   0.005811   0.015646  
NDCG@5     NDCG@10    NDCG@20    NDCG@50   
0.000475   0.000882   0.001795   0.003721  
MRR@5      MRR@10     MRR@20     MRR@50    
0.000335   0.000489   0.000743   0.001041  
ACC        ACC        ACC        
0.000000   0.000000   0.000000  
HR@5       HR@10      HR@20      HR@50     
0.005814   0.011628   0.019678   0.030859  
NDCG@5     NDCG@10    NDCG@20    NDCG@50   
0.003064   0.004939   0.006939   0.009139  
MRR@5      MRR@10     MRR@20     MRR@50    
0.002154   0.002924   0.003456   0.003801  
p2
ACC        ACC        ACC        
0.000000   0.000000   0.000000  
HR@5       HR@10      HR@20      HR@50     
0.004472   0.009839   0.016547   0.030859  
NDCG@5     NDCG@10    NDCG@20    NDCG@50   
0.002338   0.004060   0.005760   0.008506  
MRR@5      MRR@10     MRR@20     MRR@50    
0.001632   0.002335   0.002803   0.003207  
p5
ACC        ACC        ACC        
0.000000   0.000000   0.000000  
HR@5       HR@10      HR@20      HR@50     
0.003131   0.006708   0.011628   0.027281  
NDCG@5     NDCG@10    NDCG@20    NDCG@50   
0.001718   0.002836   0.004067   0.007169  
MRR@5      MRR@10     MRR@20     MRR@50    
0.001245   0.001684   0.002015   0.002512  
p10
ACC        ACC        ACC        
0.000000   0.000000   0.000000  
HR@5       HR@10      HR@20      HR@50     
0.002683   0.004919   0.009839   0.022809  
NDCG@5     NDCG@10    NDCG@20    NDCG@50   
0.001338   0.002071   0.003281   0.005863  
MRR@5      MRR@10     MRR@20     MRR@50    
0.000894   0.001202   0.001517   0.001935  
test phase:
base
ACC        ACC        ACC        
0.000000   0.000000   0.000000  
HR@5       HR@10      HR@20      HR@50     
0.001341   0.003129   0.009388   0.020563  
NDCG@5     NDCG@10    NDCG@20    NDCG@50   
0.000729   0.001323   0.002904   0.005092  
MRR@5      MRR@10     MRR@20     MRR@50    
0.000522   0.000776   0.001208   0.001547  
p2
ACC        ACC        ACC        
0.000000   0.000000   0.000000  
HR@5       HR@10      HR@20      HR@50     
0.000447   0.003129   0.008494   0.019669  
NDCG@5     NDCG@10    NDCG@20    NDCG@50   
0.000193   0.001085   0.002431   0.004648  
MRR@5      MRR@10     MRR@20     MRR@50    
0.000112   0.000494   0.000858   0.001214  
p5
ACC        ACC        ACC        
0.000000   0.000000   0.000000  
HR@5       HR@10      HR@20      HR@50     
0.002235   0.004023   0.006705   0.016987  
NDCG@5     NDCG@10    NDCG@20    NDCG@50   
0.001122   0.001694   0.002372   0.004411  
MRR@5      MRR@10     MRR@20     MRR@50    
0.000760   0.000993   0.001178   0.001505  
p10
ACC        ACC        ACC        
0.000000   0.000000   0.000000  
HR@5       HR@10      HR@20      HR@50     
0.000894   0.002235   0.005811   0.015646  
NDCG@5     NDCG@10    NDCG@20    NDCG@50   
0.000475   0.000882   0.001795   0.003721  
MRR@5      MRR@10     MRR@20     MRR@50    
0.000335   0.000489   0.000743   0.001041  
{
  "first_divergence": {
    "arm": "final_v2_closed_gate_full",
    "category": "rng",
    "comparison_rule": "exact_value",
    "key": "combined_sha256",
    "max_abs_diff": null,
    "observed_sha256": "8de0a135bfe3bde1ea50ec8295b01ace5332e0bdaf2e815d358e18cf86f80ceb",
    "reference_arm": "host",
    "reference_sha256": "081a935abc0c8aaa8515886b0429071afc7590b15ebad504506544881ca28e11",
    "status": "fail",
    "step": 0
  },
  "output_path": "/data/Zijian/goal/RecDemoRuns/aaai27_e01_gzero_trace_20260711_r2_e0459b5/e01_gzero_trace.json",
  "pass_marker": null,
  "status": "fail"
}
