True
12102
True
12102
True
12102
ACC        ACC        ACC        
0.000000   0.000000   0.000000  
HR@5       HR@10      HR@20      HR@50     
0.000447   0.000447   0.001342   0.003578  
NDCG@5     NDCG@10    NDCG@20    NDCG@50   
0.000193   0.000193   0.000400   0.000830  
MRR@5      MRR@10     MRR@20     MRR@50    
0.000112   0.000112   0.000159   0.000223  
ACC        ACC        ACC        
0.000000   0.000000   0.000000  
HR@5       HR@10      HR@20      HR@50     
0.000447   0.000447   0.001342   0.003131  
NDCG@5     NDCG@10    NDCG@20    NDCG@50   
0.000193   0.000193   0.000400   0.000755  
MRR@5      MRR@10     MRR@20     MRR@50    
0.000112   0.000112   0.000159   0.000216  
ACC        ACC        ACC        
0.000000   0.000000   0.000000  
HR@5       HR@10      HR@20      HR@50     
0.000447   0.000447   0.001342   0.003131  
NDCG@5     NDCG@10    NDCG@20    NDCG@50   
0.000193   0.000193   0.000400   0.000755  
MRR@5      MRR@10     MRR@20     MRR@50    
0.000112   0.000112   0.000159   0.000216  
{
  "downstream_launch_authorized": false,
  "first_divergence": {
    "category": "preflight_or_execution_error",
    "detail": "Could not run 'aten::_amp_foreach_non_finite_check_and_unscale_' with arguments from the 'CPU' backend. This could be because the operator doesn't exist for this backend, or was omitted during the selective/custom build process (if using custom build). If you are a Facebook employee using PyTorch on mobile, please visit https://fburl.com/ptmfixes for possible resolutions. 'aten::_amp_foreach_non_finite_check_and_unscale_' is only available for these backends: [CUDA, BackendSelect, Python, FuncTorchDynamicLayerBackMode, Functionalize, Named, Conjugate, Negative, ZeroTensor, ADInplaceOrView, AutogradOther, AutogradCPU, AutogradCUDA, AutogradHIP, AutogradXLA, AutogradMPS, AutogradIPU, AutogradXPU, AutogradHPU, AutogradVE, AutogradLazy, AutogradMeta, AutogradPrivateUse1, AutogradPrivateUse2, AutogradPrivateUse3, AutogradNestedTensor, Tracer, AutocastCPU, AutocastCUDA, FuncTorchBatched, FuncTorchVmapMode, Batched, VmapMode, FuncTorchGradWrapper, PythonTLSSnapshot, FuncTorchDynamicLayerFrontMode, PythonDispatcher].\n\nCUDA: registered at aten/src/ATen/RegisterCUDA.cpp:43635 [kernel]\nBackendSelect: fallthrough registered at ../aten/src/ATen/core/BackendSelectFallbackKernel.cpp:3 [backend fallback]\nPython: registered at ../aten/src/ATen/core/PythonFallbackKernel.cpp:140 [backend fallback]\nFuncTorchDynamicLayerBackMode: registered at ../aten/src/ATen/functorch/DynamicLayer.cpp:488 [backend fallback]\nFunctionalize: registered at aten/src/ATen/RegisterFunctionalization_3.cpp:22330 [kernel]\nNamed: registered at ../aten/src/ATen/core/NamedRegistrations.cpp:7 [backend fallback]\nConjugate: registered at ../aten/src/ATen/ConjugateFallback.cpp:18 [backend fallback]\nNegative: registered at ../aten/src/ATen/native/NegateFallback.cpp:18 [backend fallback]\nZeroTensor: registered at ../aten/src/ATen/ZeroTensorFallback.cpp:86 [backend fallback]\nADInplaceOrView: fallthrough registered at ../aten/src/ATen/core/VariableFallbackKernel.cpp:64 [backend fallback]\nAutogradOther: registered at ../torch/csrc/autograd/generated/VariableType_0.cpp:14904 [autograd kernel]\nAutogradCPU: registered at ../torch/csrc/autograd/generated/VariableType_0.cpp:14904 [autograd kernel]\nAutogradCUDA: registered at ../torch/csrc/autograd/generated/VariableType_0.cpp:14904 [autograd kernel]\nAutogradHIP: registered at ../torch/csrc/autograd/generated/VariableType_0.cpp:14904 [autograd kernel]\nAutogradXLA: registered at ../torch/csrc/autograd/generated/VariableType_0.cpp:14904 [autograd kernel]\nAutogradMPS: registered at ../torch/csrc/autograd/generated/VariableType_0.cpp:14904 [autograd kernel]\nAutogradIPU: registered at ../torch/csrc/autograd/generated/VariableType_0.cpp:14904 [autograd kernel]\nAutogradXPU: registered at ../torch/csrc/autograd/generated/VariableType_0.cpp:14904 [autograd kernel]\nAutogradHPU: registered at ../torch/csrc/autograd/generated/VariableType_0.cpp:14904 [autograd kernel]\nAutogradVE: registered at ../torch/csrc/autograd/generated/VariableType_0.cpp:14904 [autograd kernel]\nAutogradLazy: registered at ../torch/csrc/autograd/generated/VariableType_0.cpp:14904 [autograd kernel]\nAutogradMeta: registered at ../torch/csrc/autograd/generated/VariableType_0.cpp:14904 [autograd kernel]\nAutogradPrivateUse1: registered at ../torch/csrc/autograd/generated/VariableType_0.cpp:14904 [autograd kernel]\nAutogradPrivateUse2: registered at ../torch/csrc/autograd/generated/VariableType_0.cpp:14904 [autograd kernel]\nAutogradPrivateUse3: registered at ../torch/csrc/autograd/generated/VariableType_0.cpp:14904 [autograd kernel]\nAutogradNestedTensor: registered at ../torch/csrc/autograd/generated/VariableType_0.cpp:14904 [autograd kernel]\nTracer: registered at ../torch/csrc/autograd/generated/TraceType_0.cpp:16458 [kernel]\nAutocastCPU: fallthrough registered at ../aten/src/ATen/autocast_mode.cpp:482 [backend fallback]\nAutocastCUDA: fallthrough registered at ../aten/src/ATen/autocast_mode.cpp:324 [backend fallback]\nFuncTorchBatched: registered at ../aten/src/ATen/functorch/LegacyBatchingRegistrations.cpp:743 [backend fallback]\nFuncTorchVmapMode: fallthrough registered at ../aten/src/ATen/functorch/VmapModeRegistrations.cpp:28 [backend fallback]\nBatched: registered at ../aten/src/ATen/BatchingRegistrations.cpp:1064 [backend fallback]\nVmapMode: fallthrough registered at ../aten/src/ATen/VmapModeRegistrations.cpp:33 [backend fallback]\nFuncTorchGradWrapper: registered at ../aten/src/ATen/functorch/TensorWrapper.cpp:189 [backend fallback]\nPythonTLSSnapshot: registered at ../aten/src/ATen/core/PythonFallbackKernel.cpp:148 [backend fallback]\nFuncTorchDynamicLayerFrontMode: registered at ../aten/src/ATen/functorch/DynamicLayer.cpp:484 [backend fallback]\nPythonDispatcher: registered at ../aten/src/ATen/core/PythonFallbackKernel.cpp:144 [backend fallback]\n",
    "key": "NotImplementedError",
    "step": null
  },
  "generated_at": "2026-07-11T04:50:50+08:00",
  "protocol": {
    "dataset": "Beauty",
    "fp32_tolerance": 1e-06,
    "random_seed": 100,
    "scope_decision": "Beauty is the sole E01 domain because it has the matched production trio: AdaptiveWise host, final-v2 full with phi_u_ds=0, and global_p. ML1M is excluded because its frozen host uses the hybrid graph; this trace does not claim ML1M equivalence.",
    "trace_steps": [
      0,
      1,
      100,
      1000
    ]
  },
  "report_name": "AAAI-E01 deterministic production-path g-zero trace",
  "schema_version": 1,
  "status": "fail"
}
